<?xml version="1.0" encoding="UTF-8"?>
<!-- Generated by org.testng.reporters.JUnitXMLReporter -->
<testsuite ignored="8" hostname="Dell" failures="0" tests="3" name="Test1" time="120.642" errors="0" timestamp="2022-03-16T18:38:30 IST">
  <testcase classname="com.crm.OrganizationTests.CreateorgWithIndTestNGTest" name="createorgWithIndTestNGTest" time="15.035"/>
  <testcase classname="com.crm.OrganizationTests.CreateOrgIndTypeAccTypeTestNGTest" name="createOrgIndTypeAccTypeTestNGTest" time="15.117"/>
  <testcase classname="com.crm.OrganizationTests.CreateOrgTestNGTest" name="createOrgTestNGTest" time="9.076"/>
  <testcase classname="com.crm.GenericLibrary.BaseClass" name="@AfterTest parallelexecutionend" time="0.0">
    <ignored/>
  </testcase> <!-- @AfterTest parallelexecutionend -->
  <testcase classname="com.crm.GenericLibrary.BaseClass" name="@AfterTest parallelexecutionend" time="0.0">
    <ignored/>
  </testcase> <!-- @AfterTest parallelexecutionend -->
  <testcase classname="com.crm.GenericLibrary.BaseClass" name="@AfterSuite closeDB" time="0.0">
    <ignored/>
  </testcase> <!-- @AfterSuite closeDB -->
  <testcase classname="com.crm.GenericLibrary.BaseClass" name="@AfterSuite closeDB" time="0.0">
    <ignored/>
  </testcase> <!-- @AfterSuite closeDB -->
  <testcase classname="com.crm.GenericLibrary.BaseClass" name="@BeforeSuite connectDataBase" time="0.0">
    <ignored/>
  </testcase> <!-- @BeforeSuite connectDataBase -->
  <testcase classname="com.crm.GenericLibrary.BaseClass" name="@BeforeSuite connectDataBase" time="0.0">
    <ignored/>
  </testcase> <!-- @BeforeSuite connectDataBase -->
  <testcase classname="com.crm.GenericLibrary.BaseClass" name="@BeforeTest parallelexecution" time="0.0">
    <ignored/>
  </testcase> <!-- @BeforeTest parallelexecution -->
  <testcase classname="com.crm.GenericLibrary.BaseClass" name="@BeforeTest parallelexecution" time="0.0">
    <ignored/>
  </testcase> <!-- @BeforeTest parallelexecution -->
</testsuite> <!-- Test1 -->
