<?xml version="1.0" encoding="UTF-8"?>
<!-- Generated by org.testng.reporters.JUnitXMLReporter -->
<testsuite ignored="6" hostname="Dell" failures="0" tests="4" name="Test" time="83.948" errors="0" timestamp="2022-03-03T21:23:32 IST">
  <testcase classname="com.crm.OrganizationTests.CreateorgWithIndTestNGTest" name="createorgWithIndTestNGTest" time="10.377"/>
  <testcase classname="com.crm.ContactTests.CreateConWithOrgTestNGTest" name="createConWithOrgTestNGTest" time="16.894"/>
  <testcase classname="com.crm.OrganizationTests.CreateOrgTestNGTest" name="createOrgTestNGTest" time="8.88"/>
  <testcase classname="com.crm.ContactTests.CreateContactTestNGTest" name="createContactTestNGTest" time="8.647"/>
  <testcase classname="com.crm.GenericLibrary.BaseClass" name="@AfterSuite closeDB" time="0.0">
    <ignored/>
  </testcase> <!-- @AfterSuite closeDB -->
  <testcase classname="com.crm.GenericLibrary.BaseClass" name="@AfterSuite closeDB" time="0.0">
    <ignored/>
  </testcase> <!-- @AfterSuite closeDB -->
  <testcase classname="com.crm.GenericLibrary.BaseClass" name="@AfterSuite closeDB" time="0.0">
    <ignored/>
  </testcase> <!-- @AfterSuite closeDB -->
  <testcase classname="com.crm.GenericLibrary.BaseClass" name="@BeforeSuite connectDataBase" time="0.0">
    <ignored/>
  </testcase> <!-- @BeforeSuite connectDataBase -->
  <testcase classname="com.crm.GenericLibrary.BaseClass" name="@BeforeSuite connectDataBase" time="0.0">
    <ignored/>
  </testcase> <!-- @BeforeSuite connectDataBase -->
  <testcase classname="com.crm.GenericLibrary.BaseClass" name="@BeforeSuite connectDataBase" time="0.0">
    <ignored/>
  </testcase> <!-- @BeforeSuite connectDataBase -->
</testsuite> <!-- Test -->
