<?xml version="1.0" encoding="UTF-8"?>
<!-- Generated by org.testng.reporters.JUnitXMLReporter -->
<testsuite ignored="4" hostname="Dell" failures="0" tests="2" name="Test2" time="100.787" errors="0" timestamp="2022-03-16T18:38:11 IST">
  <testcase classname="com.crm.ContactTests.CreateConWithOrgTestNGTest" name="createConWithOrgTestNGTest" time="61.15"/>
  <testcase classname="com.crm.ContactTests.CreateContactTestNGTest" name="createContactTestNGTest" time="14.942"/>
  <testcase classname="com.crm.GenericLibrary.BaseClass" name="@AfterTest parallelexecutionend" time="0.0">
    <ignored/>
  </testcase> <!-- @AfterTest parallelexecutionend -->
  <testcase classname="com.crm.GenericLibrary.BaseClass" name="@AfterSuite closeDB" time="0.0">
    <ignored/>
  </testcase> <!-- @AfterSuite closeDB -->
  <testcase classname="com.crm.GenericLibrary.BaseClass" name="@BeforeSuite connectDataBase" time="0.0">
    <ignored/>
  </testcase> <!-- @BeforeSuite connectDataBase -->
  <testcase classname="com.crm.GenericLibrary.BaseClass" name="@BeforeTest parallelexecution" time="0.0">
    <ignored/>
  </testcase> <!-- @BeforeTest parallelexecution -->
</testsuite> <!-- Test2 -->
